<?xml version="1.0" encoding="UTF-8"?>
<!-- Generated by org.testng.reporters.JUnitXMLReporter -->
<testsuite ignored="0" hostname="U1-HXYN1T3-L" failures="0" tests="4" name="Default test" time="5.237" errors="0" timestamp="2024-10-01T21:18:58 EDT">
  <testcase classname="api.test.UserTests" name="testPostUser" time="3.16"/>
  <testcase classname="api.test.UserTests" name="testGetUserByName" time="0.291"/>
  <testcase classname="api.test.UserTests" name="updateUserByName" time="0.229"/>
  <testcase classname="api.test.UserTests" name="deleteUserByName" time="0.242"/>
</testsuite> <!-- Default test -->
