<?xml version="1.0" encoding="UTF-8"?>
<testng-results ignored="0" total="2" passed="2" failed="0" skipped="0">
  <reporter-output>
  </reporter-output>
  <suite started-at="2024-10-01T21:34:54 EDT" name="Suite" finished-at="2024-10-01T21:34:58 EDT" duration-ms="4109">
    <groups>
    </groups>
    <test started-at="2024-10-01T21:34:54 EDT" name="Test" finished-at="2024-10-01T21:34:58 EDT" duration-ms="4109">
      <class name="api.test.PetTests">
        <test-method is-config="true" signature="setup()[pri:0, instance:api.test.PetTests@6200f9cb]" started-at="2024-10-01T21:34:55 EDT" name="setup" finished-at="2024-10-01T21:34:55 EDT" duration-ms="66" status="PASS">
          <reporter-output>
          </reporter-output>
        </test-method> <!-- setup -->
        <test-method signature="testPostPet()[pri:1, instance:api.test.PetTests@6200f9cb]" started-at="2024-10-01T21:34:55 EDT" name="testPostPet" finished-at="2024-10-01T21:34:58 EDT" duration-ms="3332" status="PASS">
          <reporter-output>
          </reporter-output>
        </test-method> <!-- testPostPet -->
        <test-method signature="testGetPetById()[pri:2, instance:api.test.PetTests@6200f9cb]" started-at="2024-10-01T21:34:58 EDT" name="testGetPetById" finished-at="2024-10-01T21:34:58 EDT" duration-ms="294" status="PASS">
          <reporter-output>
          </reporter-output>
        </test-method> <!-- testGetPetById -->
      </class> <!-- api.test.PetTests -->
    </test> <!-- Test -->
  </suite> <!-- Suite -->
</testng-results>
